<?xml version="1.0" encoding="UTF-8"?><testrun name="com.bae.mp2.selenium" project="selenium" tests="12" started="12" failures="0" errors="2" ignored="0">
  <testsuite name="com.bae.mp2.selenium.Runner" time="23.822">
    <testsuite name="Feature: Searching for terms" time="23.822">
      <testsuite name="Scenario Outline: Search bing for google" time="23.822">
        <testsuite name="Examples:" time="23.822">
          <testsuite name="| https://www.bing.com | QA Consulting |" time="3.517">
            <testcase name="Given I go to &quot;https://www.bing.com&quot; website" classname="| https://www.bing.com | QA Consulting |" time="1.198"/>
            <testcase name="When I search for &quot;QA Consulting&quot;" classname="| https://www.bing.com | QA Consulting |" time="1.712"/>
            <testcase name="Then I am taken to a list of data of &quot;QA Consulting&quot; for that search" classname="| https://www.bing.com | QA Consulting |" time="0.607"/>
          </testsuite>
          <testsuite name="| https://www.bing.com | Guru99 |" time="3.751">
            <testcase name="Given I go to &quot;https://www.bing.com&quot; website" classname="| https://www.bing.com | Guru99 |" time="1.568"/>
            <testcase name="When I search for &quot;Guru99&quot;" classname="| https://www.bing.com | Guru99 |" time="1.561"/>
            <testcase name="Then I am taken to a list of data of &quot;Guru99&quot; for that search" classname="| https://www.bing.com | Guru99 |" time="0.622"/>
          </testsuite>
          <testsuite name="| https://www.bing.com | BlazeDemo |" time="2.762">
            <testcase name="Given I go to &quot;https://www.bing.com&quot; website" classname="| https://www.bing.com | BlazeDemo |" time="0.615"/>
            <testcase name="When I search for &quot;BlazeDemo&quot;" classname="| https://www.bing.com | BlazeDemo |" time="1.538"/>
            <testcase name="Then I am taken to a list of data of &quot;BlazeDemo&quot; for that search" classname="| https://www.bing.com | BlazeDemo |" time="0.609"/>
          </testsuite>
          <testsuite name="| https://www.bing.com | Automated Testing |" time="2.605" incomplete="true">
            <error>org.openqa.selenium.NoSuchElementException: no such element: Unable to locate element: {"method":"xpath","selector":"//*[@id="b_results"]/li[1]/h2/a"}
  (Session info: chrome=74.0.3729.169)
  (Driver info: chromedriver=74.0.3729.6 (255758eccf3d244491b8a1317aa76e1ce10d57e9-refs/branch-heads/3729@{#29}),platform=Windows NT 10.0.10240 x86_64) (WARNING: The server did not provide any stacktrace information)
Command duration or timeout: 0 milliseconds
For documentation on this error, please visit: https://www.seleniumhq.org/exceptions/no_such_element.html
Build info: version: '4.0.0-alpha-1', revision: 'd1d3728cae', time: '2019-04-24T13:42:21'
System info: host: 'STUDENT15', ip: '192.168.1.115', os.name: 'Windows 10', os.arch: 'amd64', os.version: '10.0', java.version: '1.8.0_144'
Driver info: org.openqa.selenium.chrome.ChromeDriver
Capabilities {acceptInsecureCerts: false, acceptSslCerts: false, applicationCacheEnabled: false, browserConnectionEnabled: false, browserName: chrome, chrome: {chromedriverVersion: 74.0.3729.6 (255758eccf3d24..., userDataDir: C:\Users\Admin\AppData\Loca...}, cssSelectorsEnabled: true, databaseEnabled: false, goog:chromeOptions: {debuggerAddress: localhost:64019}, handlesAlerts: true, hasTouchScreen: false, javascriptEnabled: true, locationContextEnabled: true, mobileEmulationEnabled: false, nativeEvents: true, networkConnectionEnabled: false, pageLoadStrategy: normal, platform: XP, platformName: XP, proxy: Proxy(), rotatable: false, setWindowRect: true, strictFileInteractability: false, takesHeapSnapshot: true, takesScreenshot: true, timeouts: {implicit: 0, pageLoad: 300000, script: 30000}, unexpectedAlertBehaviour: ignore, unhandledPromptBehavior: ignore, version: 74.0.3729.169, webStorageEnabled: true}
Session ID: cbd64186b8d550836e58f049c97fb342
*** Element info: {Using=xpath, value=//*[@id="b_results"]/li[1]/h2/a}&#13;
	at sun.reflect.NativeConstructorAccessorImpl.newInstance0(Native Method)&#13;
	at sun.reflect.NativeConstructorAccessorImpl.newInstance(NativeConstructorAccessorImpl.java:62)&#13;
	at sun.reflect.DelegatingConstructorAccessorImpl.newInstance(DelegatingConstructorAccessorImpl.java:45)&#13;
	at java.lang.reflect.Constructor.newInstance(Constructor.java:423)&#13;
	at org.openqa.selenium.remote.ErrorHandler.createThrowable(ErrorHandler.java:214)&#13;
	at org.openqa.selenium.remote.ErrorHandler.throwIfResponseFailed(ErrorHandler.java:166)&#13;
	at org.openqa.selenium.remote.codec.jwp.JsonHttpResponseCodec.reconstructValue(JsonHttpResponseCodec.java:41)&#13;
	at org.openqa.selenium.remote.codec.AbstractHttpResponseCodec.decode(AbstractHttpResponseCodec.java:81)&#13;
	at org.openqa.selenium.remote.codec.AbstractHttpResponseCodec.decode(AbstractHttpResponseCodec.java:45)&#13;
	at org.openqa.selenium.remote.HttpCommandExecutor.execute(HttpCommandExecutor.java:161)&#13;
	at org.openqa.selenium.remote.service.DriverCommandExecutor.execute(DriverCommandExecutor.java:83)&#13;
	at org.openqa.selenium.remote.RemoteWebDriver.execute(RemoteWebDriver.java:577)&#13;
	at org.openqa.selenium.remote.RemoteWebDriver.findElement(RemoteWebDriver.java:328)&#13;
	at org.openqa.selenium.remote.RemoteWebDriver.findElementByXPath(RemoteWebDriver.java:446)&#13;
	at org.openqa.selenium.By$ByXPath.findElement(By.java:353)&#13;
	at org.openqa.selenium.remote.RemoteWebDriver.findElement(RemoteWebDriver.java:320)&#13;
	at com.bae.mp2.selenium.SecondBDDTest.i_am_taken_to_a_list_of_data_of_for_that_search(SecondBDDTest.java:51)&#13;
	at ✽.Then I am taken to a list of data of "Automated Testing" for that search(C:/Users/Admin/eclipse-workspace/selenium/src/test/java/com/bae/mp2/selenium/Parametisation.feature:9)&#13;
&#13;
</error>
            <testcase name="Given I go to &quot;https://www.bing.com&quot; website" classname="| https://www.bing.com | Automated Testing |" time="1.063"/>
            <testcase name="When I search for &quot;Automated Testing&quot;" classname="| https://www.bing.com | Automated Testing |" time="1.542"/>
            <testcase name="Then I am taken to a list of data of &quot;Automated Testing&quot; for that search" classname="| https://www.bing.com | Automated Testing |" time="0.0">
              <error>org.openqa.selenium.NoSuchElementException: no such element: Unable to locate element: {"method":"xpath","selector":"//*[@id="b_results"]/li[1]/h2/a"}
  (Session info: chrome=74.0.3729.169)
  (Driver info: chromedriver=74.0.3729.6 (255758eccf3d244491b8a1317aa76e1ce10d57e9-refs/branch-heads/3729@{#29}),platform=Windows NT 10.0.10240 x86_64) (WARNING: The server did not provide any stacktrace information)
Command duration or timeout: 0 milliseconds
For documentation on this error, please visit: https://www.seleniumhq.org/exceptions/no_such_element.html
Build info: version: '4.0.0-alpha-1', revision: 'd1d3728cae', time: '2019-04-24T13:42:21'
System info: host: 'STUDENT15', ip: '192.168.1.115', os.name: 'Windows 10', os.arch: 'amd64', os.version: '10.0', java.version: '1.8.0_144'
Driver info: org.openqa.selenium.chrome.ChromeDriver
Capabilities {acceptInsecureCerts: false, acceptSslCerts: false, applicationCacheEnabled: false, browserConnectionEnabled: false, browserName: chrome, chrome: {chromedriverVersion: 74.0.3729.6 (255758eccf3d24..., userDataDir: C:\Users\Admin\AppData\Loca...}, cssSelectorsEnabled: true, databaseEnabled: false, goog:chromeOptions: {debuggerAddress: localhost:64019}, handlesAlerts: true, hasTouchScreen: false, javascriptEnabled: true, locationContextEnabled: true, mobileEmulationEnabled: false, nativeEvents: true, networkConnectionEnabled: false, pageLoadStrategy: normal, platform: XP, platformName: XP, proxy: Proxy(), rotatable: false, setWindowRect: true, strictFileInteractability: false, takesHeapSnapshot: true, takesScreenshot: true, timeouts: {implicit: 0, pageLoad: 300000, script: 30000}, unexpectedAlertBehaviour: ignore, unhandledPromptBehavior: ignore, version: 74.0.3729.169, webStorageEnabled: true}
Session ID: cbd64186b8d550836e58f049c97fb342
*** Element info: {Using=xpath, value=//*[@id="b_results"]/li[1]/h2/a}&#13;
	at sun.reflect.NativeConstructorAccessorImpl.newInstance0(Native Method)&#13;
	at sun.reflect.NativeConstructorAccessorImpl.newInstance(NativeConstructorAccessorImpl.java:62)&#13;
	at sun.reflect.DelegatingConstructorAccessorImpl.newInstance(DelegatingConstructorAccessorImpl.java:45)&#13;
	at java.lang.reflect.Constructor.newInstance(Constructor.java:423)&#13;
	at org.openqa.selenium.remote.ErrorHandler.createThrowable(ErrorHandler.java:214)&#13;
	at org.openqa.selenium.remote.ErrorHandler.throwIfResponseFailed(ErrorHandler.java:166)&#13;
	at org.openqa.selenium.remote.codec.jwp.JsonHttpResponseCodec.reconstructValue(JsonHttpResponseCodec.java:41)&#13;
	at org.openqa.selenium.remote.codec.AbstractHttpResponseCodec.decode(AbstractHttpResponseCodec.java:81)&#13;
	at org.openqa.selenium.remote.codec.AbstractHttpResponseCodec.decode(AbstractHttpResponseCodec.java:45)&#13;
	at org.openqa.selenium.remote.HttpCommandExecutor.execute(HttpCommandExecutor.java:161)&#13;
	at org.openqa.selenium.remote.service.DriverCommandExecutor.execute(DriverCommandExecutor.java:83)&#13;
	at org.openqa.selenium.remote.RemoteWebDriver.execute(RemoteWebDriver.java:577)&#13;
	at org.openqa.selenium.remote.RemoteWebDriver.findElement(RemoteWebDriver.java:328)&#13;
	at org.openqa.selenium.remote.RemoteWebDriver.findElementByXPath(RemoteWebDriver.java:446)&#13;
	at org.openqa.selenium.By$ByXPath.findElement(By.java:353)&#13;
	at org.openqa.selenium.remote.RemoteWebDriver.findElement(RemoteWebDriver.java:320)&#13;
	at com.bae.mp2.selenium.SecondBDDTest.i_am_taken_to_a_list_of_data_of_for_that_search(SecondBDDTest.java:51)&#13;
	at ✽.Then I am taken to a list of data of "Automated Testing" for that search(C:/Users/Admin/eclipse-workspace/selenium/src/test/java/com/bae/mp2/selenium/Parametisation.feature:9)&#13;
&#13;
</error>
            </testcase>
          </testsuite>
        </testsuite>
      </testsuite>
    </testsuite>
  </testsuite>
</testrun>
